{"C:\\Users\\hamdi\\Documents\\HCK-068\\progres\\iProject\\coffe_shop\\back-coffe\\app.js": {"path":"C:\\Users\\hamdi\\Documents\\HCK-068\\progres\\iProject\\coffe_shop\\back-coffe\\app.js","statementMap":{"0":{"start":{"line":1,"column":0},"end":{"line":4,"column":1}},"1":{"start":{"line":3,"column":1},"end":{"line":3,"column":28}},"2":{"start":{"line":6,"column":13},"end":{"line":6,"column":28}},"3":{"start":{"line":7,"column":16},"end":{"line":7,"column":34}},"4":{"start":{"line":8,"column":15},"end":{"line":8,"column":35}},"5":{"start":{"line":9,"column":12},"end":{"line":9,"column":21}},"6":{"start":{"line":11,"column":0},"end":{"line":11,"column":24}},"7":{"start":{"line":12,"column":0},"end":{"line":12,"column":16}},"8":{"start":{"line":13,"column":0},"end":{"line":13,"column":21}},"9":{"start":{"line":15,"column":0},"end":{"line":15,"column":21}}},"fnMap":{},"branchMap":{"0":{"loc":{"start":{"line":1,"column":0},"end":{"line":4,"column":1}},"type":"if","locations":[{"start":{"line":1,"column":0},"end":{"line":4,"column":1}},{"start":{},"end":{}}],"line":1}},"s":{"0":3,"1":3,"2":3,"3":3,"4":3,"5":3,"6":3,"7":3,"8":3,"9":3},"f":{},"b":{"0":[3,0]},"_coverageSchema":"1a1c01bbd47fc00a2c39e90264f33305004495a9","hash":"99f1ae80a8d2b0782bb71c3d5bee6d897590fb36"}
,"C:\\Users\\hamdi\\Documents\\HCK-068\\progres\\iProject\\coffe_shop\\back-coffe\\controllers\\category_controller.js": {"path":"C:\\Users\\hamdi\\Documents\\HCK-068\\progres\\iProject\\coffe_shop\\back-coffe\\controllers\\category_controller.js","statementMap":{"0":{"start":{"line":1,"column":21},"end":{"line":1,"column":41}},"1":{"start":{"line":6,"column":2},"end":{"line":15,"column":3}},"2":{"start":{"line":7,"column":25},"end":{"line":11,"column":5}},"3":{"start":{"line":12,"column":3},"end":{"line":12,"column":39}},"4":{"start":{"line":14,"column":3},"end":{"line":14,"column":15}},"5":{"start":{"line":20,"column":2},"end":{"line":29,"column":3}},"6":{"start":{"line":21,"column":25},"end":{"line":25,"column":5}},"7":{"start":{"line":26,"column":3},"end":{"line":26,"column":39}},"8":{"start":{"line":28,"column":3},"end":{"line":28,"column":15}},"9":{"start":{"line":33,"column":2},"end":{"line":40,"column":3}},"10":{"start":{"line":34,"column":3},"end":{"line":34,"column":35}},"11":{"start":{"line":35,"column":3},"end":{"line":37,"column":64}},"12":{"start":{"line":39,"column":3},"end":{"line":39,"column":15}},"13":{"start":{"line":44,"column":2},"end":{"line":55,"column":3}},"14":{"start":{"line":45,"column":18},"end":{"line":45,"column":28}},"15":{"start":{"line":46,"column":25},"end":{"line":46,"column":52}},"16":{"start":{"line":47,"column":3},"end":{"line":47,"column":54}},"17":{"start":{"line":47,"column":23},"end":{"line":47,"column":54}},"18":{"start":{"line":49,"column":3},"end":{"line":49,"column":59}},"19":{"start":{"line":50,"column":3},"end":{"line":52,"column":66}},"20":{"start":{"line":54,"column":3},"end":{"line":54,"column":15}},"21":{"start":{"line":59,"column":2},"end":{"line":68,"column":3}},"22":{"start":{"line":60,"column":18},"end":{"line":60,"column":28}},"23":{"start":{"line":61,"column":25},"end":{"line":61,"column":52}},"24":{"start":{"line":62,"column":3},"end":{"line":62,"column":54}},"25":{"start":{"line":62,"column":23},"end":{"line":62,"column":54}},"26":{"start":{"line":64,"column":3},"end":{"line":64,"column":50}},"27":{"start":{"line":65,"column":3},"end":{"line":65,"column":76}},"28":{"start":{"line":67,"column":3},"end":{"line":67,"column":15}},"29":{"start":{"line":72,"column":0},"end":{"line":72,"column":37}}},"fnMap":{"0":{"name":"(anonymous_0)","decl":{"start":{"line":5,"column":1},"end":{"line":5,"column":2}},"loc":{"start":{"line":5,"column":42},"end":{"line":16,"column":2}},"line":5},"1":{"name":"(anonymous_1)","decl":{"start":{"line":19,"column":1},"end":{"line":19,"column":2}},"loc":{"start":{"line":19,"column":38},"end":{"line":30,"column":2}},"line":19},"2":{"name":"(anonymous_2)","decl":{"start":{"line":32,"column":1},"end":{"line":32,"column":2}},"loc":{"start":{"line":32,"column":34},"end":{"line":41,"column":2}},"line":32},"3":{"name":"(anonymous_3)","decl":{"start":{"line":43,"column":1},"end":{"line":43,"column":2}},"loc":{"start":{"line":43,"column":37},"end":{"line":56,"column":2}},"line":43},"4":{"name":"(anonymous_4)","decl":{"start":{"line":58,"column":1},"end":{"line":58,"column":2}},"loc":{"start":{"line":58,"column":37},"end":{"line":69,"column":2}},"line":58}},"branchMap":{"0":{"loc":{"start":{"line":47,"column":3},"end":{"line":47,"column":54}},"type":"if","locations":[{"start":{"line":47,"column":3},"end":{"line":47,"column":54}},{"start":{},"end":{}}],"line":47},"1":{"loc":{"start":{"line":62,"column":3},"end":{"line":62,"column":54}},"type":"if","locations":[{"start":{"line":62,"column":3},"end":{"line":62,"column":54}},{"start":{},"end":{}}],"line":62}},"s":{"0":3,"1":1,"2":1,"3":1,"4":0,"5":1,"6":1,"7":1,"8":0,"9":2,"10":2,"11":1,"12":1,"13":2,"14":2,"15":2,"16":2,"17":1,"18":1,"19":1,"20":1,"21":2,"22":2,"23":2,"24":2,"25":1,"26":1,"27":1,"28":1,"29":3},"f":{"0":1,"1":1,"2":2,"3":2,"4":2},"b":{"0":[1,1],"1":[1,1]},"_coverageSchema":"1a1c01bbd47fc00a2c39e90264f33305004495a9","hash":"d7eb15a67f9b0a548e1f925f1fa167dc987ab1c9"}
,"C:\\Users\\hamdi\\Documents\\HCK-068\\progres\\iProject\\coffe_shop\\back-coffe\\controllers\\product_controller.js": {"path":"C:\\Users\\hamdi\\Documents\\HCK-068\\progres\\iProject\\coffe_shop\\back-coffe\\controllers\\product_controller.js","statementMap":{"0":{"start":{"line":1,"column":15},"end":{"line":1,"column":35}},"1":{"start":{"line":2,"column":30},"end":{"line":2,"column":50}},"2":{"start":{"line":3,"column":23},"end":{"line":3,"column":49}},"3":{"start":{"line":6,"column":17},"end":{"line":6,"column":36}},"4":{"start":{"line":7,"column":15},"end":{"line":11,"column":2}},"5":{"start":{"line":16,"column":2},"end":{"line":35,"column":3}},"6":{"start":{"line":17,"column":15},"end":{"line":17,"column":24}},"7":{"start":{"line":18,"column":16},"end":{"line":29,"column":4}},"8":{"start":{"line":30,"column":3},"end":{"line":30,"column":56}},"9":{"start":{"line":30,"column":10},"end":{"line":30,"column":56}},"10":{"start":{"line":31,"column":25},"end":{"line":31,"column":54}},"11":{"start":{"line":32,"column":3},"end":{"line":32,"column":39}},"12":{"start":{"line":34,"column":3},"end":{"line":34,"column":15}},"13":{"start":{"line":40,"column":2},"end":{"line":59,"column":3}},"14":{"start":{"line":41,"column":15},"end":{"line":41,"column":24}},"15":{"start":{"line":42,"column":16},"end":{"line":53,"column":4}},"16":{"start":{"line":54,"column":3},"end":{"line":54,"column":56}},"17":{"start":{"line":54,"column":10},"end":{"line":54,"column":56}},"18":{"start":{"line":55,"column":25},"end":{"line":55,"column":54}},"19":{"start":{"line":56,"column":3},"end":{"line":56,"column":39}},"20":{"start":{"line":58,"column":3},"end":{"line":58,"column":15}},"21":{"start":{"line":63,"column":2},"end":{"line":71,"column":3}},"22":{"start":{"line":64,"column":18},"end":{"line":64,"column":28}},"23":{"start":{"line":65,"column":25},"end":{"line":65,"column":51}},"24":{"start":{"line":66,"column":3},"end":{"line":66,"column":54}},"25":{"start":{"line":66,"column":23},"end":{"line":66,"column":54}},"26":{"start":{"line":68,"column":3},"end":{"line":68,"column":39}},"27":{"start":{"line":70,"column":3},"end":{"line":70,"column":15}},"28":{"start":{"line":75,"column":2},"end":{"line":100,"column":3}},"29":{"start":{"line":76,"column":3},"end":{"line":76,"column":33}},"30":{"start":{"line":77,"column":18},"end":{"line":77,"column":21}},"31":{"start":{"line":78,"column":3},"end":{"line":78,"column":43}},"32":{"start":{"line":78,"column":14},"end":{"line":78,"column":43}},"33":{"start":{"line":79,"column":19},"end":{"line":79,"column":49}},"34":{"start":{"line":80,"column":18},"end":{"line":80,"column":61}},"35":{"start":{"line":82,"column":18},"end":{"line":92,"column":5}},"36":{"start":{"line":93,"column":3},"end":{"line":93,"column":31}},"37":{"start":{"line":94,"column":3},"end":{"line":94,"column":34}},"38":{"start":{"line":95,"column":3},"end":{"line":97,"column":64}},"39":{"start":{"line":99,"column":3},"end":{"line":99,"column":15}},"40":{"start":{"line":104,"column":2},"end":{"line":132,"column":3}},"41":{"start":{"line":105,"column":18},"end":{"line":105,"column":28}},"42":{"start":{"line":106,"column":25},"end":{"line":106,"column":51}},"43":{"start":{"line":107,"column":3},"end":{"line":107,"column":54}},"44":{"start":{"line":107,"column":23},"end":{"line":107,"column":54}},"45":{"start":{"line":109,"column":18},"end":{"line":109,"column":21}},"46":{"start":{"line":110,"column":3},"end":{"line":110,"column":43}},"47":{"start":{"line":110,"column":14},"end":{"line":110,"column":43}},"48":{"start":{"line":111,"column":19},"end":{"line":111,"column":49}},"49":{"start":{"line":112,"column":18},"end":{"line":112,"column":61}},"50":{"start":{"line":114,"column":18},"end":{"line":124,"column":5}},"51":{"start":{"line":125,"column":3},"end":{"line":125,"column":31}},"52":{"start":{"line":126,"column":3},"end":{"line":126,"column":59}},"53":{"start":{"line":127,"column":3},"end":{"line":129,"column":66}},"54":{"start":{"line":131,"column":3},"end":{"line":131,"column":15}},"55":{"start":{"line":136,"column":2},"end":{"line":145,"column":3}},"56":{"start":{"line":137,"column":18},"end":{"line":137,"column":28}},"57":{"start":{"line":138,"column":25},"end":{"line":138,"column":51}},"58":{"start":{"line":139,"column":3},"end":{"line":139,"column":54}},"59":{"start":{"line":139,"column":23},"end":{"line":139,"column":54}},"60":{"start":{"line":141,"column":3},"end":{"line":141,"column":50}},"61":{"start":{"line":142,"column":3},"end":{"line":142,"column":77}},"62":{"start":{"line":144,"column":3},"end":{"line":144,"column":15}},"63":{"start":{"line":149,"column":2},"end":{"line":177,"column":3}},"64":{"start":{"line":150,"column":18},"end":{"line":150,"column":28}},"65":{"start":{"line":151,"column":17},"end":{"line":151,"column":43}},"66":{"start":{"line":152,"column":3},"end":{"line":152,"column":46}},"67":{"start":{"line":152,"column":15},"end":{"line":152,"column":46}},"68":{"start":{"line":154,"column":14},"end":{"line":157,"column":5}},"69":{"start":{"line":159,"column":19},"end":{"line":172,"column":4}},"70":{"start":{"line":173,"column":26},"end":{"line":173,"column":65}},"71":{"start":{"line":174,"column":3},"end":{"line":174,"column":40}},"72":{"start":{"line":176,"column":3},"end":{"line":176,"column":15}},"73":{"start":{"line":181,"column":0},"end":{"line":181,"column":36}}},"fnMap":{"0":{"name":"(anonymous_0)","decl":{"start":{"line":15,"column":1},"end":{"line":15,"column":2}},"loc":{"start":{"line":15,"column":42},"end":{"line":36,"column":2}},"line":15},"1":{"name":"(anonymous_1)","decl":{"start":{"line":39,"column":1},"end":{"line":39,"column":2}},"loc":{"start":{"line":39,"column":38},"end":{"line":60,"column":2}},"line":39},"2":{"name":"(anonymous_2)","decl":{"start":{"line":62,"column":1},"end":{"line":62,"column":2}},"loc":{"start":{"line":62,"column":38},"end":{"line":72,"column":2}},"line":62},"3":{"name":"(anonymous_3)","decl":{"start":{"line":74,"column":1},"end":{"line":74,"column":2}},"loc":{"start":{"line":74,"column":34},"end":{"line":101,"column":2}},"line":74},"4":{"name":"(anonymous_4)","decl":{"start":{"line":103,"column":1},"end":{"line":103,"column":2}},"loc":{"start":{"line":103,"column":37},"end":{"line":133,"column":2}},"line":103},"5":{"name":"(anonymous_5)","decl":{"start":{"line":135,"column":1},"end":{"line":135,"column":2}},"loc":{"start":{"line":135,"column":37},"end":{"line":146,"column":2}},"line":135},"6":{"name":"(anonymous_6)","decl":{"start":{"line":148,"column":1},"end":{"line":148,"column":2}},"loc":{"start":{"line":148,"column":38},"end":{"line":178,"column":2}},"line":148}},"branchMap":{"0":{"loc":{"start":{"line":30,"column":3},"end":{"line":30,"column":56}},"type":"if","locations":[{"start":{"line":30,"column":3},"end":{"line":30,"column":56}},{"start":{},"end":{}}],"line":30},"1":{"loc":{"start":{"line":54,"column":3},"end":{"line":54,"column":56}},"type":"if","locations":[{"start":{"line":54,"column":3},"end":{"line":54,"column":56}},{"start":{},"end":{}}],"line":54},"2":{"loc":{"start":{"line":66,"column":3},"end":{"line":66,"column":54}},"type":"if","locations":[{"start":{"line":66,"column":3},"end":{"line":66,"column":54}},{"start":{},"end":{}}],"line":66},"3":{"loc":{"start":{"line":78,"column":3},"end":{"line":78,"column":43}},"type":"if","locations":[{"start":{"line":78,"column":3},"end":{"line":78,"column":43}},{"start":{},"end":{}}],"line":78},"4":{"loc":{"start":{"line":107,"column":3},"end":{"line":107,"column":54}},"type":"if","locations":[{"start":{"line":107,"column":3},"end":{"line":107,"column":54}},{"start":{},"end":{}}],"line":107},"5":{"loc":{"start":{"line":110,"column":3},"end":{"line":110,"column":43}},"type":"if","locations":[{"start":{"line":110,"column":3},"end":{"line":110,"column":43}},{"start":{},"end":{}}],"line":110},"6":{"loc":{"start":{"line":139,"column":3},"end":{"line":139,"column":54}},"type":"if","locations":[{"start":{"line":139,"column":3},"end":{"line":139,"column":54}},{"start":{},"end":{}}],"line":139},"7":{"loc":{"start":{"line":152,"column":3},"end":{"line":152,"column":46}},"type":"if","locations":[{"start":{"line":152,"column":3},"end":{"line":152,"column":46}},{"start":{},"end":{}}],"line":152}},"s":{"0":3,"1":3,"2":3,"3":3,"4":3,"5":1,"6":1,"7":1,"8":1,"9":0,"10":1,"11":1,"12":0,"13":1,"14":1,"15":1,"16":1,"17":0,"18":1,"19":1,"20":0,"21":1,"22":1,"23":1,"24":1,"25":1,"26":0,"27":1,"28":1,"29":1,"30":1,"31":1,"32":1,"33":0,"34":0,"35":0,"36":0,"37":0,"38":0,"39":1,"40":1,"41":1,"42":1,"43":1,"44":1,"45":0,"46":0,"47":0,"48":0,"49":0,"50":0,"51":0,"52":0,"53":0,"54":1,"55":1,"56":1,"57":1,"58":1,"59":1,"60":0,"61":0,"62":1,"63":1,"64":1,"65":1,"66":1,"67":1,"68":0,"69":0,"70":0,"71":0,"72":1,"73":3},"f":{"0":1,"1":1,"2":1,"3":1,"4":1,"5":1,"6":1},"b":{"0":[0,1],"1":[0,1],"2":[1,0],"3":[1,0],"4":[1,0],"5":[0,0],"6":[1,0],"7":[1,0]},"_coverageSchema":"1a1c01bbd47fc00a2c39e90264f33305004495a9","hash":"7c85e4e30959c1e9939524aa1b7f8fe81588a5ba"}
,"C:\\Users\\hamdi\\Documents\\HCK-068\\progres\\iProject\\coffe_shop\\back-coffe\\controllers\\user_controller.js": {"path":"C:\\Users\\hamdi\\Documents\\HCK-068\\progres\\iProject\\coffe_shop\\back-coffe\\controllers\\user_controller.js","statementMap":{"0":{"start":{"line":1,"column":28},"end":{"line":1,"column":56}},"1":{"start":{"line":2,"column":22},"end":{"line":2,"column":47}},"2":{"start":{"line":3,"column":17},"end":{"line":3,"column":37}},"3":{"start":{"line":6,"column":25},"end":{"line":6,"column":55}},"4":{"start":{"line":7,"column":15},"end":{"line":7,"column":33}},"5":{"start":{"line":11,"column":2},"end":{"line":31,"column":3}},"6":{"start":{"line":12,"column":31},"end":{"line":12,"column":39}},"7":{"start":{"line":13,"column":3},"end":{"line":13,"column":47}},"8":{"start":{"line":13,"column":15},"end":{"line":13,"column":47}},"9":{"start":{"line":14,"column":3},"end":{"line":14,"column":53}},"10":{"start":{"line":14,"column":18},"end":{"line":14,"column":53}},"11":{"start":{"line":16,"column":16},"end":{"line":16,"column":56}},"12":{"start":{"line":17,"column":3},"end":{"line":17,"column":47}},"13":{"start":{"line":17,"column":14},"end":{"line":17,"column":47}},"14":{"start":{"line":19,"column":24},"end":{"line":19,"column":64}},"15":{"start":{"line":20,"column":3},"end":{"line":20,"column":55}},"16":{"start":{"line":20,"column":22},"end":{"line":20,"column":55}},"17":{"start":{"line":22,"column":24},"end":{"line":22,"column":50}},"18":{"start":{"line":24,"column":3},"end":{"line":28,"column":6}},"19":{"start":{"line":30,"column":3},"end":{"line":30,"column":15}},"20":{"start":{"line":35,"column":2},"end":{"line":62,"column":3}},"21":{"start":{"line":36,"column":28},"end":{"line":36,"column":36}},"22":{"start":{"line":37,"column":18},"end":{"line":40,"column":5}},"23":{"start":{"line":41,"column":19},"end":{"line":41,"column":38}},"24":{"start":{"line":43,"column":27},"end":{"line":43,"column":34}},"25":{"start":{"line":44,"column":27},"end":{"line":51,"column":5}},"26":{"start":{"line":54,"column":24},"end":{"line":54,"column":50}},"27":{"start":{"line":55,"column":3},"end":{"line":59,"column":6}},"28":{"start":{"line":61,"column":3},"end":{"line":61,"column":15}},"29":{"start":{"line":66,"column":2},"end":{"line":71,"column":3}},"30":{"start":{"line":67,"column":3},"end":{"line":67,"column":31}},"31":{"start":{"line":68,"column":3},"end":{"line":68,"column":77}},"32":{"start":{"line":70,"column":3},"end":{"line":70,"column":15}},"33":{"start":{"line":75,"column":0},"end":{"line":75,"column":33}}},"fnMap":{"0":{"name":"(anonymous_0)","decl":{"start":{"line":10,"column":1},"end":{"line":10,"column":2}},"loc":{"start":{"line":10,"column":36},"end":{"line":32,"column":2}},"line":10},"1":{"name":"(anonymous_1)","decl":{"start":{"line":34,"column":1},"end":{"line":34,"column":2}},"loc":{"start":{"line":34,"column":43},"end":{"line":63,"column":2}},"line":34},"2":{"name":"(anonymous_2)","decl":{"start":{"line":65,"column":1},"end":{"line":65,"column":2}},"loc":{"start":{"line":65,"column":39},"end":{"line":72,"column":2}},"line":65}},"branchMap":{"0":{"loc":{"start":{"line":13,"column":3},"end":{"line":13,"column":47}},"type":"if","locations":[{"start":{"line":13,"column":3},"end":{"line":13,"column":47}},{"start":{},"end":{}}],"line":13},"1":{"loc":{"start":{"line":14,"column":3},"end":{"line":14,"column":53}},"type":"if","locations":[{"start":{"line":14,"column":3},"end":{"line":14,"column":53}},{"start":{},"end":{}}],"line":14},"2":{"loc":{"start":{"line":17,"column":3},"end":{"line":17,"column":47}},"type":"if","locations":[{"start":{"line":17,"column":3},"end":{"line":17,"column":47}},{"start":{},"end":{}}],"line":17},"3":{"loc":{"start":{"line":20,"column":3},"end":{"line":20,"column":55}},"type":"if","locations":[{"start":{"line":20,"column":3},"end":{"line":20,"column":55}},{"start":{},"end":{}}],"line":20}},"s":{"0":3,"1":3,"2":3,"3":3,"4":3,"5":5,"6":5,"7":5,"8":1,"9":4,"10":1,"11":3,"12":3,"13":1,"14":2,"15":2,"16":1,"17":1,"18":1,"19":4,"20":1,"21":1,"22":1,"23":1,"24":1,"25":1,"26":1,"27":1,"28":0,"29":3,"30":3,"31":1,"32":2,"33":3},"f":{"0":5,"1":1,"2":3},"b":{"0":[1,4],"1":[1,3],"2":[1,2],"3":[1,1]},"_coverageSchema":"1a1c01bbd47fc00a2c39e90264f33305004495a9","hash":"f0cfc0b9e04a57046d8db1b3010f80f70af32908"}
,"C:\\Users\\hamdi\\Documents\\HCK-068\\progres\\iProject\\coffe_shop\\back-coffe\\helpers\\brcypt.js": {"path":"C:\\Users\\hamdi\\Documents\\HCK-068\\progres\\iProject\\coffe_shop\\back-coffe\\helpers\\brcypt.js","statementMap":{"0":{"start":{"line":1,"column":15},"end":{"line":1,"column":34}},"1":{"start":{"line":3,"column":21},"end":{"line":5,"column":1}},"2":{"start":{"line":4,"column":1},"end":{"line":4,"column":58}},"3":{"start":{"line":7,"column":24},"end":{"line":9,"column":1}},"4":{"start":{"line":8,"column":1},"end":{"line":8,"column":43}},"5":{"start":{"line":11,"column":0},"end":{"line":14,"column":2}}},"fnMap":{"0":{"name":"(anonymous_0)","decl":{"start":{"line":3,"column":21},"end":{"line":3,"column":22}},"loc":{"start":{"line":3,"column":35},"end":{"line":5,"column":1}},"line":3},"1":{"name":"(anonymous_1)","decl":{"start":{"line":7,"column":24},"end":{"line":7,"column":25}},"loc":{"start":{"line":7,"column":44},"end":{"line":9,"column":1}},"line":7}},"branchMap":{},"s":{"0":3,"1":3,"2":7,"3":3,"4":2,"5":3},"f":{"0":7,"1":2},"b":{},"_coverageSchema":"1a1c01bbd47fc00a2c39e90264f33305004495a9","hash":"10969957b94b8ae9fcbcbae91dd547e9d1ac977e"}
,"C:\\Users\\hamdi\\Documents\\HCK-068\\progres\\iProject\\coffe_shop\\back-coffe\\helpers\\jwt.js": {"path":"C:\\Users\\hamdi\\Documents\\HCK-068\\progres\\iProject\\coffe_shop\\back-coffe\\helpers\\jwt.js","statementMap":{"0":{"start":{"line":1,"column":12},"end":{"line":1,"column":35}},"1":{"start":{"line":2,"column":15},"end":{"line":2,"column":33}},"2":{"start":{"line":4,"column":18},"end":{"line":6,"column":1}},"3":{"start":{"line":5,"column":1},"end":{"line":5,"column":34}},"4":{"start":{"line":8,"column":20},"end":{"line":10,"column":1}},"5":{"start":{"line":9,"column":1},"end":{"line":9,"column":34}},"6":{"start":{"line":12,"column":0},"end":{"line":15,"column":2}}},"fnMap":{"0":{"name":"(anonymous_0)","decl":{"start":{"line":4,"column":18},"end":{"line":4,"column":19}},"loc":{"start":{"line":4,"column":31},"end":{"line":6,"column":1}},"line":4},"1":{"name":"(anonymous_1)","decl":{"start":{"line":8,"column":20},"end":{"line":8,"column":21}},"loc":{"start":{"line":8,"column":31},"end":{"line":10,"column":1}},"line":8}},"branchMap":{},"s":{"0":3,"1":3,"2":3,"3":5,"4":3,"5":16,"6":3},"f":{"0":5,"1":16},"b":{},"_coverageSchema":"1a1c01bbd47fc00a2c39e90264f33305004495a9","hash":"895cf5ababdbf106e08eaf5df0d47c6670e5b409"}
,"C:\\Users\\hamdi\\Documents\\HCK-068\\progres\\iProject\\coffe_shop\\back-coffe\\middlewares\\authentication.js": {"path":"C:\\Users\\hamdi\\Documents\\HCK-068\\progres\\iProject\\coffe_shop\\back-coffe\\middlewares\\authentication.js","statementMap":{"0":{"start":{"line":1,"column":24},"end":{"line":1,"column":49}},"1":{"start":{"line":2,"column":17},"end":{"line":2,"column":37}},"2":{"start":{"line":4,"column":23},"end":{"line":24,"column":1}},"3":{"start":{"line":5,"column":1},"end":{"line":23,"column":2}},"4":{"start":{"line":6,"column":28},"end":{"line":6,"column":39}},"5":{"start":{"line":7,"column":2},"end":{"line":7,"column":51}},"6":{"start":{"line":7,"column":22},"end":{"line":7,"column":51}},"7":{"start":{"line":9,"column":24},"end":{"line":9,"column":48}},"8":{"start":{"line":10,"column":2},"end":{"line":10,"column":57}},"9":{"start":{"line":10,"column":25},"end":{"line":10,"column":57}},"10":{"start":{"line":12,"column":23},"end":{"line":12,"column":41}},"11":{"start":{"line":13,"column":2},"end":{"line":13,"column":53}},"12":{"start":{"line":13,"column":21},"end":{"line":13,"column":53}},"13":{"start":{"line":15,"column":17},"end":{"line":15,"column":29}},"14":{"start":{"line":16,"column":15},"end":{"line":16,"column":38}},"15":{"start":{"line":17,"column":2},"end":{"line":17,"column":45}},"16":{"start":{"line":17,"column":13},"end":{"line":17,"column":45}},"17":{"start":{"line":19,"column":2},"end":{"line":19,"column":18}},"18":{"start":{"line":20,"column":2},"end":{"line":20,"column":9}},"19":{"start":{"line":22,"column":2},"end":{"line":22,"column":14}},"20":{"start":{"line":26,"column":0},"end":{"line":26,"column":32}}},"fnMap":{"0":{"name":"(anonymous_0)","decl":{"start":{"line":4,"column":23},"end":{"line":4,"column":24}},"loc":{"start":{"line":4,"column":49},"end":{"line":24,"column":1}},"line":4}},"branchMap":{"0":{"loc":{"start":{"line":7,"column":2},"end":{"line":7,"column":51}},"type":"if","locations":[{"start":{"line":7,"column":2},"end":{"line":7,"column":51}},{"start":{},"end":{}}],"line":7},"1":{"loc":{"start":{"line":10,"column":2},"end":{"line":10,"column":57}},"type":"if","locations":[{"start":{"line":10,"column":2},"end":{"line":10,"column":57}},{"start":{},"end":{}}],"line":10},"2":{"loc":{"start":{"line":13,"column":2},"end":{"line":13,"column":53}},"type":"if","locations":[{"start":{"line":13,"column":2},"end":{"line":13,"column":53}},{"start":{},"end":{}}],"line":13},"3":{"loc":{"start":{"line":17,"column":2},"end":{"line":17,"column":45}},"type":"if","locations":[{"start":{"line":17,"column":2},"end":{"line":17,"column":45}},{"start":{},"end":{}}],"line":17}},"s":{"0":3,"1":3,"2":3,"3":24,"4":24,"5":24,"6":0,"7":24,"8":24,"9":8,"10":16,"11":16,"12":0,"13":16,"14":16,"15":16,"16":0,"17":16,"18":16,"19":8,"20":3},"f":{"0":24},"b":{"0":[0,24],"1":[8,16],"2":[0,16],"3":[0,16]},"_coverageSchema":"1a1c01bbd47fc00a2c39e90264f33305004495a9","hash":"ee41717a673567abe998ea1c472d8e6e82cce063"}
,"C:\\Users\\hamdi\\Documents\\HCK-068\\progres\\iProject\\coffe_shop\\back-coffe\\middlewares\\authorization.js": {"path":"C:\\Users\\hamdi\\Documents\\HCK-068\\progres\\iProject\\coffe_shop\\back-coffe\\middlewares\\authorization.js","statementMap":{"0":{"start":{"line":1,"column":18},"end":{"line":8,"column":1}},"1":{"start":{"line":2,"column":1},"end":{"line":7,"column":2}},"2":{"start":{"line":3,"column":2},"end":{"line":3,"column":61}},"3":{"start":{"line":3,"column":33},"end":{"line":3,"column":61}},"4":{"start":{"line":4,"column":2},"end":{"line":4,"column":9}},"5":{"start":{"line":6,"column":2},"end":{"line":6,"column":14}},"6":{"start":{"line":10,"column":0},"end":{"line":10,"column":31}}},"fnMap":{"0":{"name":"(anonymous_0)","decl":{"start":{"line":1,"column":18},"end":{"line":1,"column":19}},"loc":{"start":{"line":1,"column":44},"end":{"line":8,"column":1}},"line":1}},"branchMap":{"0":{"loc":{"start":{"line":3,"column":2},"end":{"line":3,"column":61}},"type":"if","locations":[{"start":{"line":3,"column":2},"end":{"line":3,"column":61}},{"start":{},"end":{}}],"line":3}},"s":{"0":3,"1":12,"2":12,"3":3,"4":9,"5":3,"6":3},"f":{"0":12},"b":{"0":[3,9]},"_coverageSchema":"1a1c01bbd47fc00a2c39e90264f33305004495a9","hash":"1c8bcc5776b1421bb81c950c80651284b749945a"}
,"C:\\Users\\hamdi\\Documents\\HCK-068\\progres\\iProject\\coffe_shop\\back-coffe\\middlewares\\error_handler.js": {"path":"C:\\Users\\hamdi\\Documents\\HCK-068\\progres\\iProject\\coffe_shop\\back-coffe\\middlewares\\error_handler.js","statementMap":{"0":{"start":{"line":1,"column":21},"end":{"line":41,"column":1}},"1":{"start":{"line":2,"column":1},"end":{"line":40,"column":2}},"2":{"start":{"line":4,"column":3},"end":{"line":4,"column":56}},"3":{"start":{"line":5,"column":3},"end":{"line":5,"column":9}},"4":{"start":{"line":7,"column":3},"end":{"line":7,"column":56}},"5":{"start":{"line":8,"column":3},"end":{"line":8,"column":9}},"6":{"start":{"line":10,"column":3},"end":{"line":10,"column":60}},"7":{"start":{"line":11,"column":3},"end":{"line":11,"column":9}},"8":{"start":{"line":13,"column":3},"end":{"line":13,"column":61}},"9":{"start":{"line":14,"column":3},"end":{"line":14,"column":9}},"10":{"start":{"line":16,"column":3},"end":{"line":16,"column":64}},"11":{"start":{"line":17,"column":3},"end":{"line":17,"column":9}},"12":{"start":{"line":19,"column":3},"end":{"line":19,"column":63}},"13":{"start":{"line":20,"column":3},"end":{"line":20,"column":9}},"14":{"start":{"line":22,"column":3},"end":{"line":22,"column":55}},"15":{"start":{"line":23,"column":3},"end":{"line":23,"column":9}},"16":{"start":{"line":26,"column":3},"end":{"line":26,"column":50}},"17":{"start":{"line":27,"column":3},"end":{"line":27,"column":9}},"18":{"start":{"line":29,"column":3},"end":{"line":29,"column":61}},"19":{"start":{"line":30,"column":3},"end":{"line":30,"column":9}},"20":{"start":{"line":32,"column":3},"end":{"line":32,"column":58}},"21":{"start":{"line":33,"column":3},"end":{"line":33,"column":9}},"22":{"start":{"line":35,"column":3},"end":{"line":35,"column":51}},"23":{"start":{"line":36,"column":3},"end":{"line":36,"column":9}},"24":{"start":{"line":38,"column":3},"end":{"line":38,"column":58}},"25":{"start":{"line":39,"column":3},"end":{"line":39,"column":9}},"26":{"start":{"line":43,"column":0},"end":{"line":43,"column":30}}},"fnMap":{"0":{"name":"(anonymous_0)","decl":{"start":{"line":1,"column":21},"end":{"line":1,"column":22}},"loc":{"start":{"line":1,"column":46},"end":{"line":41,"column":1}},"line":1}},"branchMap":{"0":{"loc":{"start":{"line":2,"column":1},"end":{"line":40,"column":2}},"type":"switch","locations":[{"start":{"line":3,"column":2},"end":{"line":5,"column":9}},{"start":{"line":6,"column":2},"end":{"line":8,"column":9}},{"start":{"line":9,"column":2},"end":{"line":11,"column":9}},{"start":{"line":12,"column":2},"end":{"line":14,"column":9}},{"start":{"line":15,"column":2},"end":{"line":17,"column":9}},{"start":{"line":18,"column":2},"end":{"line":20,"column":9}},{"start":{"line":21,"column":2},"end":{"line":23,"column":9}},{"start":{"line":24,"column":2},"end":{"line":24,"column":23}},{"start":{"line":25,"column":2},"end":{"line":27,"column":9}},{"start":{"line":28,"column":2},"end":{"line":30,"column":9}},{"start":{"line":31,"column":2},"end":{"line":33,"column":9}},{"start":{"line":34,"column":2},"end":{"line":36,"column":9}},{"start":{"line":37,"column":2},"end":{"line":39,"column":9}}],"line":2}},"s":{"0":3,"1":25,"2":2,"3":2,"4":1,"5":1,"6":1,"7":1,"8":1,"9":1,"10":1,"11":1,"12":1,"13":1,"14":0,"15":0,"16":8,"17":8,"18":3,"19":3,"20":1,"21":1,"22":6,"23":6,"24":0,"25":0,"26":3},"f":{"0":25},"b":{"0":[2,1,1,1,1,1,0,8,8,3,1,6,0]},"_coverageSchema":"1a1c01bbd47fc00a2c39e90264f33305004495a9","hash":"f0de549228a32a9355fe4c34dba84f6666e037be"}
,"C:\\Users\\hamdi\\Documents\\HCK-068\\progres\\iProject\\coffe_shop\\back-coffe\\middlewares\\uploader.js": {"path":"C:\\Users\\hamdi\\Documents\\HCK-068\\progres\\iProject\\coffe_shop\\back-coffe\\middlewares\\uploader.js","statementMap":{"0":{"start":{"line":1,"column":15},"end":{"line":1,"column":32}},"1":{"start":{"line":3,"column":15},"end":{"line":5,"column":2}},"2":{"start":{"line":7,"column":0},"end":{"line":7,"column":24}}},"fnMap":{},"branchMap":{},"s":{"0":3,"1":3,"2":3},"f":{},"b":{},"_coverageSchema":"1a1c01bbd47fc00a2c39e90264f33305004495a9","hash":"ad1d768ad2794a3da4f50599e71646e46daa9861"}
,"C:\\Users\\hamdi\\Documents\\HCK-068\\progres\\iProject\\coffe_shop\\back-coffe\\models\\category.js": {"path":"C:\\Users\\hamdi\\Documents\\HCK-068\\progres\\iProject\\coffe_shop\\back-coffe\\models\\category.js","statementMap":{"0":{"start":{"line":2,"column":18},"end":{"line":2,"column":38}},"1":{"start":{"line":3,"column":0},"end":{"line":36,"column":2}},"2":{"start":{"line":12,"column":6},"end":{"line":12,"column":39}},"3":{"start":{"line":15,"column":2},"end":{"line":34,"column":4}},"4":{"start":{"line":35,"column":2},"end":{"line":35,"column":18}}},"fnMap":{"0":{"name":"(anonymous_0)","decl":{"start":{"line":3,"column":17},"end":{"line":3,"column":18}},"loc":{"start":{"line":3,"column":43},"end":{"line":36,"column":1}},"line":3},"1":{"name":"(anonymous_1)","decl":{"start":{"line":10,"column":4},"end":{"line":10,"column":5}},"loc":{"start":{"line":10,"column":29},"end":{"line":13,"column":5}},"line":10}},"branchMap":{},"s":{"0":3,"1":3,"2":3,"3":3,"4":3},"f":{"0":3,"1":3},"b":{},"_coverageSchema":"1a1c01bbd47fc00a2c39e90264f33305004495a9","hash":"8af90fde2b5a41b7a8a8ad4e0968016c47544b5a"}
,"C:\\Users\\hamdi\\Documents\\HCK-068\\progres\\iProject\\coffe_shop\\back-coffe\\models\\index.js": {"path":"C:\\Users\\hamdi\\Documents\\HCK-068\\progres\\iProject\\coffe_shop\\back-coffe\\models\\index.js","statementMap":{"0":{"start":{"line":3,"column":11},"end":{"line":3,"column":24}},"1":{"start":{"line":4,"column":13},"end":{"line":4,"column":28}},"2":{"start":{"line":5,"column":18},"end":{"line":5,"column":38}},"3":{"start":{"line":6,"column":16},"end":{"line":6,"column":34}},"4":{"start":{"line":7,"column":17},"end":{"line":7,"column":42}},"5":{"start":{"line":8,"column":12},"end":{"line":8,"column":49}},"6":{"start":{"line":9,"column":15},"end":{"line":9,"column":65}},"7":{"start":{"line":10,"column":11},"end":{"line":10,"column":13}},"8":{"start":{"line":13,"column":0},"end":{"line":17,"column":1}},"9":{"start":{"line":14,"column":2},"end":{"line":14,"column":74}},"10":{"start":{"line":16,"column":2},"end":{"line":16,"column":87}},"11":{"start":{"line":19,"column":0},"end":{"line":32,"column":5}},"12":{"start":{"line":22,"column":4},"end":{"line":27,"column":6}},"13":{"start":{"line":30,"column":18},"end":{"line":30,"column":85}},"14":{"start":{"line":31,"column":4},"end":{"line":31,"column":27}},"15":{"start":{"line":34,"column":0},"end":{"line":38,"column":3}},"16":{"start":{"line":35,"column":2},"end":{"line":37,"column":3}},"17":{"start":{"line":36,"column":4},"end":{"line":36,"column":32}},"18":{"start":{"line":40,"column":0},"end":{"line":40,"column":25}},"19":{"start":{"line":41,"column":0},"end":{"line":41,"column":25}},"20":{"start":{"line":43,"column":0},"end":{"line":43,"column":20}}},"fnMap":{"0":{"name":"(anonymous_0)","decl":{"start":{"line":21,"column":10},"end":{"line":21,"column":11}},"loc":{"start":{"line":21,"column":18},"end":{"line":28,"column":3}},"line":21},"1":{"name":"(anonymous_1)","decl":{"start":{"line":29,"column":11},"end":{"line":29,"column":12}},"loc":{"start":{"line":29,"column":19},"end":{"line":32,"column":3}},"line":29},"2":{"name":"(anonymous_2)","decl":{"start":{"line":34,"column":24},"end":{"line":34,"column":25}},"loc":{"start":{"line":34,"column":37},"end":{"line":38,"column":1}},"line":34}},"branchMap":{"0":{"loc":{"start":{"line":8,"column":12},"end":{"line":8,"column":49}},"type":"binary-expr","locations":[{"start":{"line":8,"column":12},"end":{"line":8,"column":32}},{"start":{"line":8,"column":36},"end":{"line":8,"column":49}}],"line":8},"1":{"loc":{"start":{"line":13,"column":0},"end":{"line":17,"column":1}},"type":"if","locations":[{"start":{"line":13,"column":0},"end":{"line":17,"column":1}},{"start":{"line":15,"column":7},"end":{"line":17,"column":1}}],"line":13},"2":{"loc":{"start":{"line":23,"column":6},"end":{"line":26,"column":37}},"type":"binary-expr","locations":[{"start":{"line":23,"column":6},"end":{"line":23,"column":29}},{"start":{"line":24,"column":6},"end":{"line":24,"column":23}},{"start":{"line":25,"column":6},"end":{"line":25,"column":30}},{"start":{"line":26,"column":6},"end":{"line":26,"column":37}}],"line":23},"3":{"loc":{"start":{"line":35,"column":2},"end":{"line":37,"column":3}},"type":"if","locations":[{"start":{"line":35,"column":2},"end":{"line":37,"column":3}},{"start":{},"end":{}}],"line":35}},"s":{"0":3,"1":3,"2":3,"3":3,"4":3,"5":3,"6":3,"7":3,"8":3,"9":0,"10":3,"11":3,"12":12,"13":9,"14":9,"15":3,"16":9,"17":9,"18":3,"19":3,"20":3},"f":{"0":12,"1":9,"2":9},"b":{"0":[3,0],"1":[0,3],"2":[12,12,9,9],"3":[9,0]},"_coverageSchema":"1a1c01bbd47fc00a2c39e90264f33305004495a9","hash":"0c7ddc2ee2bc1fa20b63a56202c8abf9637219a2"}
,"C:\\Users\\hamdi\\Documents\\HCK-068\\progres\\iProject\\coffe_shop\\back-coffe\\models\\product.js": {"path":"C:\\Users\\hamdi\\Documents\\HCK-068\\progres\\iProject\\coffe_shop\\back-coffe\\models\\product.js","statementMap":{"0":{"start":{"line":2,"column":18},"end":{"line":2,"column":38}},"1":{"start":{"line":3,"column":0},"end":{"line":89,"column":2}},"2":{"start":{"line":12,"column":3},"end":{"line":12,"column":34}},"3":{"start":{"line":13,"column":3},"end":{"line":13,"column":38}},"4":{"start":{"line":16,"column":1},"end":{"line":87,"column":3}},"5":{"start":{"line":88,"column":1},"end":{"line":88,"column":16}}},"fnMap":{"0":{"name":"(anonymous_0)","decl":{"start":{"line":3,"column":17},"end":{"line":3,"column":18}},"loc":{"start":{"line":3,"column":43},"end":{"line":89,"column":1}},"line":3},"1":{"name":"(anonymous_1)","decl":{"start":{"line":10,"column":2},"end":{"line":10,"column":3}},"loc":{"start":{"line":10,"column":27},"end":{"line":14,"column":3}},"line":10}},"branchMap":{},"s":{"0":3,"1":3,"2":3,"3":3,"4":3,"5":3},"f":{"0":3,"1":3},"b":{},"_coverageSchema":"1a1c01bbd47fc00a2c39e90264f33305004495a9","hash":"fb0233fcc23c954d67d8ee146069a9f4ddba5515"}
,"C:\\Users\\hamdi\\Documents\\HCK-068\\progres\\iProject\\coffe_shop\\back-coffe\\models\\user.js": {"path":"C:\\Users\\hamdi\\Documents\\HCK-068\\progres\\iProject\\coffe_shop\\back-coffe\\models\\user.js","statementMap":{"0":{"start":{"line":2,"column":18},"end":{"line":2,"column":38}},"1":{"start":{"line":3,"column":25},"end":{"line":3,"column":53}},"2":{"start":{"line":4,"column":0},"end":{"line":86,"column":2}},"3":{"start":{"line":13,"column":6},"end":{"line":13,"column":35}},"4":{"start":{"line":16,"column":2},"end":{"line":84,"column":4}},"5":{"start":{"line":77,"column":21},"end":{"line":77,"column":48}},"6":{"start":{"line":78,"column":10},"end":{"line":78,"column":31}},"7":{"start":{"line":85,"column":2},"end":{"line":85,"column":14}}},"fnMap":{"0":{"name":"(anonymous_0)","decl":{"start":{"line":4,"column":17},"end":{"line":4,"column":18}},"loc":{"start":{"line":4,"column":43},"end":{"line":86,"column":1}},"line":4},"1":{"name":"(anonymous_1)","decl":{"start":{"line":11,"column":4},"end":{"line":11,"column":5}},"loc":{"start":{"line":11,"column":29},"end":{"line":14,"column":5}},"line":11},"2":{"name":"(anonymous_2)","decl":{"start":{"line":76,"column":22},"end":{"line":76,"column":23}},"loc":{"start":{"line":76,"column":40},"end":{"line":79,"column":9}},"line":76}},"branchMap":{},"s":{"0":3,"1":3,"2":3,"3":3,"4":3,"5":7,"6":7,"7":3},"f":{"0":3,"1":3,"2":7},"b":{},"_coverageSchema":"1a1c01bbd47fc00a2c39e90264f33305004495a9","hash":"8a818dbaf1e58990415ca455e80611f4574c9659"}
,"C:\\Users\\hamdi\\Documents\\HCK-068\\progres\\iProject\\coffe_shop\\back-coffe\\routers\\category.js": {"path":"C:\\Users\\hamdi\\Documents\\HCK-068\\progres\\iProject\\coffe_shop\\back-coffe\\routers\\category.js","statementMap":{"0":{"start":{"line":1,"column":16},"end":{"line":1,"column":34}},"1":{"start":{"line":2,"column":15},"end":{"line":2,"column":31}},"2":{"start":{"line":3,"column":22},"end":{"line":3,"column":61}},"3":{"start":{"line":4,"column":28},"end":{"line":4,"column":73}},"4":{"start":{"line":6,"column":0},"end":{"line":6,"column":45}},"5":{"start":{"line":8,"column":0},"end":{"line":8,"column":22}},"6":{"start":{"line":9,"column":0},"end":{"line":9,"column":42}},"7":{"start":{"line":10,"column":0},"end":{"line":10,"column":47}},"8":{"start":{"line":11,"column":0},"end":{"line":11,"column":50}},"9":{"start":{"line":13,"column":0},"end":{"line":13,"column":24}}},"fnMap":{},"branchMap":{},"s":{"0":3,"1":3,"2":3,"3":3,"4":3,"5":3,"6":3,"7":3,"8":3,"9":3},"f":{},"b":{},"_coverageSchema":"1a1c01bbd47fc00a2c39e90264f33305004495a9","hash":"adbc471398da103e85d0451486b0f10d982603a8"}
,"C:\\Users\\hamdi\\Documents\\HCK-068\\progres\\iProject\\coffe_shop\\back-coffe\\routers\\index.js": {"path":"C:\\Users\\hamdi\\Documents\\HCK-068\\progres\\iProject\\coffe_shop\\back-coffe\\routers\\index.js","statementMap":{"0":{"start":{"line":1,"column":16},"end":{"line":1,"column":34}},"1":{"start":{"line":2,"column":15},"end":{"line":2,"column":31}},"2":{"start":{"line":4,"column":17},"end":{"line":4,"column":46}},"3":{"start":{"line":5,"column":17},"end":{"line":5,"column":47}},"4":{"start":{"line":6,"column":21},"end":{"line":6,"column":60}},"5":{"start":{"line":7,"column":27},"end":{"line":7,"column":71}},"6":{"start":{"line":8,"column":24},"end":{"line":8,"column":65}},"7":{"start":{"line":9,"column":23},"end":{"line":9,"column":63}},"8":{"start":{"line":10,"column":28},"end":{"line":10,"column":73}},"9":{"start":{"line":12,"column":0},"end":{"line":14,"column":3}},"10":{"start":{"line":13,"column":1},"end":{"line":13,"column":26}},"11":{"start":{"line":16,"column":0},"end":{"line":16,"column":45}},"12":{"start":{"line":17,"column":0},"end":{"line":17,"column":59}},"13":{"start":{"line":18,"column":0},"end":{"line":18,"column":51}},"14":{"start":{"line":20,"column":0},"end":{"line":20,"column":59}},"15":{"start":{"line":21,"column":0},"end":{"line":21,"column":61}},"16":{"start":{"line":24,"column":0},"end":{"line":24,"column":27}},"17":{"start":{"line":25,"column":0},"end":{"line":25,"column":34}},"18":{"start":{"line":26,"column":0},"end":{"line":26,"column":34}},"19":{"start":{"line":28,"column":0},"end":{"line":28,"column":25}},"20":{"start":{"line":29,"column":0},"end":{"line":29,"column":24}}},"fnMap":{"0":{"name":"(anonymous_0)","decl":{"start":{"line":12,"column":16},"end":{"line":12,"column":17}},"loc":{"start":{"line":12,"column":30},"end":{"line":14,"column":1}},"line":12}},"branchMap":{},"s":{"0":3,"1":3,"2":3,"3":3,"4":3,"5":3,"6":3,"7":3,"8":3,"9":3,"10":0,"11":3,"12":3,"13":3,"14":3,"15":3,"16":3,"17":3,"18":3,"19":3,"20":3},"f":{"0":0},"b":{},"_coverageSchema":"1a1c01bbd47fc00a2c39e90264f33305004495a9","hash":"04e284b9fba5987d4500d408ca87dd7627cde94e"}
,"C:\\Users\\hamdi\\Documents\\HCK-068\\progres\\iProject\\coffe_shop\\back-coffe\\routers\\product.js": {"path":"C:\\Users\\hamdi\\Documents\\HCK-068\\progres\\iProject\\coffe_shop\\back-coffe\\routers\\product.js","statementMap":{"0":{"start":{"line":1,"column":16},"end":{"line":1,"column":34}},"1":{"start":{"line":2,"column":15},"end":{"line":2,"column":31}},"2":{"start":{"line":3,"column":27},"end":{"line":3,"column":71}},"3":{"start":{"line":4,"column":22},"end":{"line":4,"column":61}},"4":{"start":{"line":5,"column":15},"end":{"line":5,"column":49}},"5":{"start":{"line":7,"column":0},"end":{"line":7,"column":44}},"6":{"start":{"line":8,"column":0},"end":{"line":8,"column":56}},"7":{"start":{"line":9,"column":0},"end":{"line":9,"column":47}},"8":{"start":{"line":11,"column":0},"end":{"line":11,"column":22}},"9":{"start":{"line":12,"column":0},"end":{"line":12,"column":65}},"10":{"start":{"line":13,"column":0},"end":{"line":13,"column":70}},"11":{"start":{"line":14,"column":0},"end":{"line":14,"column":49}},"12":{"start":{"line":16,"column":0},"end":{"line":16,"column":24}}},"fnMap":{},"branchMap":{},"s":{"0":3,"1":3,"2":3,"3":3,"4":3,"5":3,"6":3,"7":3,"8":3,"9":3,"10":3,"11":3,"12":3},"f":{},"b":{},"_coverageSchema":"1a1c01bbd47fc00a2c39e90264f33305004495a9","hash":"b3f10ce40f48c3adcd43fe170a7d9d436f46b7aa"}
}
