TN:
SF:app.js
FNF:0
FNH:0
DA:1,3
DA:3,3
DA:6,3
DA:7,3
DA:8,3
DA:9,3
DA:11,3
DA:12,3
DA:13,3
DA:15,3
LF:10
LH:10
BRDA:1,0,0,3
BRDA:1,0,1,0
BRF:2
BRH:1
end_of_record
TN:
SF:controllers\category_controller.js
FN:5,(anonymous_0)
FN:19,(anonymous_1)
FN:32,(anonymous_2)
FN:43,(anonymous_3)
FN:58,(anonymous_4)
FNF:5
FNH:5
FNDA:1,(anonymous_0)
FNDA:1,(anonymous_1)
FNDA:2,(anonymous_2)
FNDA:2,(anonymous_3)
FNDA:2,(anonymous_4)
DA:1,3
DA:6,1
DA:7,1
DA:12,1
DA:14,0
DA:20,1
DA:21,1
DA:26,1
DA:28,0
DA:33,2
DA:34,2
DA:35,1
DA:39,1
DA:44,2
DA:45,2
DA:46,2
DA:47,2
DA:49,1
DA:50,1
DA:54,1
DA:59,2
DA:60,2
DA:61,2
DA:62,2
DA:64,1
DA:65,1
DA:67,1
DA:72,3
LF:28
LH:26
BRDA:47,0,0,1
BRDA:47,0,1,1
BRDA:62,1,0,1
BRDA:62,1,1,1
BRF:4
BRH:4
end_of_record
TN:
SF:controllers\product_controller.js
FN:15,(anonymous_0)
FN:39,(anonymous_1)
FN:62,(anonymous_2)
FN:74,(anonymous_3)
FN:103,(anonymous_4)
FN:135,(anonymous_5)
FN:148,(anonymous_6)
FNF:7
FNH:7
FNDA:1,(anonymous_0)
FNDA:1,(anonymous_1)
FNDA:1,(anonymous_2)
FNDA:1,(anonymous_3)
FNDA:1,(anonymous_4)
FNDA:1,(anonymous_5)
FNDA:1,(anonymous_6)
DA:1,3
DA:2,3
DA:3,3
DA:6,3
DA:7,3
DA:16,1
DA:17,1
DA:18,1
DA:30,1
DA:31,1
DA:32,1
DA:34,0
DA:40,1
DA:41,1
DA:42,1
DA:54,1
DA:55,1
DA:56,1
DA:58,0
DA:63,1
DA:64,1
DA:65,1
DA:66,1
DA:68,0
DA:70,1
DA:75,1
DA:76,1
DA:77,1
DA:78,1
DA:79,0
DA:80,0
DA:82,0
DA:93,0
DA:94,0
DA:95,0
DA:99,1
DA:104,1
DA:105,1
DA:106,1
DA:107,1
DA:109,0
DA:110,0
DA:111,0
DA:112,0
DA:114,0
DA:125,0
DA:126,0
DA:127,0
DA:131,1
DA:136,1
DA:137,1
DA:138,1
DA:139,1
DA:141,0
DA:142,0
DA:144,1
DA:149,1
DA:150,1
DA:151,1
DA:152,1
DA:154,0
DA:159,0
DA:173,0
DA:174,0
DA:176,1
DA:181,3
LF:66
LH:43
BRDA:30,0,0,0
BRDA:30,0,1,1
BRDA:54,1,0,0
BRDA:54,1,1,1
BRDA:66,2,0,1
BRDA:66,2,1,0
BRDA:78,3,0,1
BRDA:78,3,1,0
BRDA:107,4,0,1
BRDA:107,4,1,0
BRDA:110,5,0,0
BRDA:110,5,1,0
BRDA:139,6,0,1
BRDA:139,6,1,0
BRDA:152,7,0,1
BRDA:152,7,1,0
BRF:16
BRH:7
end_of_record
TN:
SF:controllers\user_controller.js
FN:10,(anonymous_0)
FN:34,(anonymous_1)
FN:65,(anonymous_2)
FNF:3
FNH:3
FNDA:5,(anonymous_0)
FNDA:1,(anonymous_1)
FNDA:3,(anonymous_2)
DA:1,3
DA:2,3
DA:3,3
DA:6,3
DA:7,3
DA:11,5
DA:12,5
DA:13,5
DA:14,4
DA:16,3
DA:17,3
DA:19,2
DA:20,2
DA:22,1
DA:24,1
DA:30,4
DA:35,1
DA:36,1
DA:37,1
DA:41,1
DA:43,1
DA:44,1
DA:54,1
DA:55,1
DA:61,0
DA:66,3
DA:67,3
DA:68,1
DA:70,2
DA:75,3
LF:30
LH:29
BRDA:13,0,0,1
BRDA:13,0,1,4
BRDA:14,1,0,1
BRDA:14,1,1,3
BRDA:17,2,0,1
BRDA:17,2,1,2
BRDA:20,3,0,1
BRDA:20,3,1,1
BRF:8
BRH:8
end_of_record
TN:
SF:helpers\brcypt.js
FN:3,(anonymous_0)
FN:7,(anonymous_1)
FNF:2
FNH:2
FNDA:7,(anonymous_0)
FNDA:2,(anonymous_1)
DA:1,3
DA:3,3
DA:4,7
DA:7,3
DA:8,2
DA:11,3
LF:6
LH:6
BRF:0
BRH:0
end_of_record
TN:
SF:helpers\jwt.js
FN:4,(anonymous_0)
FN:8,(anonymous_1)
FNF:2
FNH:2
FNDA:5,(anonymous_0)
FNDA:16,(anonymous_1)
DA:1,3
DA:2,3
DA:4,3
DA:5,5
DA:8,3
DA:9,16
DA:12,3
LF:7
LH:7
BRF:0
BRH:0
end_of_record
TN:
SF:middlewares\authentication.js
FN:4,(anonymous_0)
FNF:1
FNH:1
FNDA:24,(anonymous_0)
DA:1,3
DA:2,3
DA:4,3
DA:5,24
DA:6,24
DA:7,24
DA:9,24
DA:10,24
DA:12,16
DA:13,16
DA:15,16
DA:16,16
DA:17,16
DA:19,16
DA:20,16
DA:22,8
DA:26,3
LF:17
LH:17
BRDA:7,0,0,0
BRDA:7,0,1,24
BRDA:10,1,0,8
BRDA:10,1,1,16
BRDA:13,2,0,0
BRDA:13,2,1,16
BRDA:17,3,0,0
BRDA:17,3,1,16
BRF:8
BRH:5
end_of_record
TN:
SF:middlewares\authorization.js
FN:1,(anonymous_0)
FNF:1
FNH:1
FNDA:12,(anonymous_0)
DA:1,3
DA:2,12
DA:3,12
DA:4,9
DA:6,3
DA:10,3
LF:6
LH:6
BRDA:3,0,0,3
BRDA:3,0,1,9
BRF:2
BRH:2
end_of_record
TN:
SF:middlewares\error_handler.js
FN:1,(anonymous_0)
FNF:1
FNH:1
FNDA:25,(anonymous_0)
DA:1,3
DA:2,25
DA:4,2
DA:5,2
DA:7,1
DA:8,1
DA:10,1
DA:11,1
DA:13,1
DA:14,1
DA:16,1
DA:17,1
DA:19,1
DA:20,1
DA:22,0
DA:23,0
DA:26,8
DA:27,8
DA:29,3
DA:30,3
DA:32,1
DA:33,1
DA:35,6
DA:36,6
DA:38,0
DA:39,0
DA:43,3
LF:27
LH:23
BRDA:2,0,0,2
BRDA:2,0,1,1
BRDA:2,0,2,1
BRDA:2,0,3,1
BRDA:2,0,4,1
BRDA:2,0,5,1
BRDA:2,0,6,0
BRDA:2,0,7,8
BRDA:2,0,8,8
BRDA:2,0,9,3
BRDA:2,0,10,1
BRDA:2,0,11,6
BRDA:2,0,12,0
BRF:13
BRH:11
end_of_record
TN:
SF:middlewares\uploader.js
FNF:0
FNH:0
DA:1,3
DA:3,3
DA:7,3
LF:3
LH:3
BRF:0
BRH:0
end_of_record
TN:
SF:models\category.js
FN:3,(anonymous_0)
FN:10,(anonymous_1)
FNF:2
FNH:2
FNDA:3,(anonymous_0)
FNDA:3,(anonymous_1)
DA:2,3
DA:3,3
DA:12,3
DA:15,3
DA:35,3
LF:5
LH:5
BRF:0
BRH:0
end_of_record
TN:
SF:models\index.js
FN:21,(anonymous_0)
FN:29,(anonymous_1)
FN:34,(anonymous_2)
FNF:3
FNH:3
FNDA:12,(anonymous_0)
FNDA:9,(anonymous_1)
FNDA:9,(anonymous_2)
DA:3,3
DA:4,3
DA:5,3
DA:6,3
DA:7,3
DA:8,3
DA:9,3
DA:10,3
DA:13,3
DA:14,0
DA:16,3
DA:19,3
DA:22,12
DA:30,9
DA:31,9
DA:34,3
DA:35,9
DA:36,9
DA:40,3
DA:41,3
DA:43,3
LF:21
LH:20
BRDA:8,0,0,3
BRDA:8,0,1,0
BRDA:13,1,0,0
BRDA:13,1,1,3
BRDA:23,2,0,12
BRDA:23,2,1,12
BRDA:23,2,2,9
BRDA:23,2,3,9
BRDA:35,3,0,9
BRDA:35,3,1,0
BRF:10
BRH:7
end_of_record
TN:
SF:models\product.js
FN:3,(anonymous_0)
FN:10,(anonymous_1)
FNF:2
FNH:2
FNDA:3,(anonymous_0)
FNDA:3,(anonymous_1)
DA:2,3
DA:3,3
DA:12,3
DA:13,3
DA:16,3
DA:88,3
LF:6
LH:6
BRF:0
BRH:0
end_of_record
TN:
SF:models\user.js
FN:4,(anonymous_0)
FN:11,(anonymous_1)
FN:76,(anonymous_2)
FNF:3
FNH:3
FNDA:3,(anonymous_0)
FNDA:3,(anonymous_1)
FNDA:7,(anonymous_2)
DA:2,3
DA:3,3
DA:4,3
DA:13,3
DA:16,3
DA:77,7
DA:78,7
DA:85,3
LF:8
LH:8
BRF:0
BRH:0
end_of_record
TN:
SF:routers\category.js
FNF:0
FNH:0
DA:1,3
DA:2,3
DA:3,3
DA:4,3
DA:6,3
DA:8,3
DA:9,3
DA:10,3
DA:11,3
DA:13,3
LF:10
LH:10
BRF:0
BRH:0
end_of_record
TN:
SF:routers\index.js
FN:12,(anonymous_0)
FNF:1
FNH:0
FNDA:0,(anonymous_0)
DA:1,3
DA:2,3
DA:4,3
DA:5,3
DA:6,3
DA:7,3
DA:8,3
DA:9,3
DA:10,3
DA:12,3
DA:13,0
DA:16,3
DA:17,3
DA:18,3
DA:20,3
DA:21,3
DA:24,3
DA:25,3
DA:26,3
DA:28,3
DA:29,3
LF:21
LH:20
BRF:0
BRH:0
end_of_record
TN:
SF:routers\product.js
FNF:0
FNH:0
DA:1,3
DA:2,3
DA:3,3
DA:4,3
DA:5,3
DA:7,3
DA:8,3
DA:9,3
DA:11,3
DA:12,3
DA:13,3
DA:14,3
DA:16,3
LF:13
LH:13
BRF:0
BRH:0
end_of_record
